2026-01-13 21:18:45,213 INFO o.a.j.u.JMeterUtils: Setting Locale to en_DE
2026-01-13 21:18:45,225 INFO o.a.j.JMeter: Loading user properties from: /Users/moenessboui/Downloads/jmeter/bin/user.properties
2026-01-13 21:18:45,225 INFO o.a.j.JMeter: Loading system properties from: /Users/moenessboui/Downloads/jmeter/bin/system.properties
2026-01-13 21:18:45,228 INFO o.a.j.JMeter: Copyright (c) 1998-2024 The Apache Software Foundation
2026-01-13 21:18:45,228 INFO o.a.j.JMeter: Version 5.6.3
2026-01-13 21:18:45,228 INFO o.a.j.JMeter: java.version=23.0.1
2026-01-13 21:18:45,228 INFO o.a.j.JMeter: java.vm.name=OpenJDK 64-Bit Server VM
2026-01-13 21:18:45,228 INFO o.a.j.JMeter: os.name=Mac OS X
2026-01-13 21:18:45,228 INFO o.a.j.JMeter: os.arch=aarch64
2026-01-13 21:18:45,228 INFO o.a.j.JMeter: os.version=15.5
2026-01-13 21:18:45,228 INFO o.a.j.JMeter: file.encoding=UTF-8
2026-01-13 21:18:45,228 INFO o.a.j.JMeter: java.awt.headless=true
2026-01-13 21:18:45,228 INFO o.a.j.JMeter: Max memory     =4294967296
2026-01-13 21:18:45,228 INFO o.a.j.JMeter: Available Processors =8
2026-01-13 21:18:45,234 INFO o.a.j.JMeter: Default Locale=English (Germany)
2026-01-13 21:18:45,234 INFO o.a.j.JMeter: JMeter  Locale=English (Germany)
2026-01-13 21:18:45,234 INFO o.a.j.JMeter: JMeterHome=/Users/moenessboui/Downloads/jmeter
2026-01-13 21:18:45,234 INFO o.a.j.JMeter: user.dir  =/Users/moenessboui/Downloads/ise_gruppen_project_latest-main/ise_gruppen_project_latest
2026-01-13 21:18:45,234 INFO o.a.j.JMeter: PWD       =/Users/moenessboui/Downloads/ise_gruppen_project_latest-main/ise_gruppen_project_latest
2026-01-13 21:18:45,243 INFO o.a.j.JMeter: IP: 192.168.0.136 Name: Mac FullName: mac
2026-01-13 21:18:45,250 INFO o.a.j.JMeter: Setting property 'jmeter.reportgenerator.outputdir' to:'/Users/moenessboui/Downloads/ise_gruppen_project_latest-main/ise_gruppen_project_latest/report_final'
2026-01-13 21:18:45,252 INFO o.a.j.s.FileServer: Default base='/Users/moenessboui/Downloads/ise_gruppen_project_latest-main/ise_gruppen_project_latest'
2026-01-13 21:18:45,252 INFO o.a.j.s.FileServer: Set new base='/Users/moenessboui/Downloads/ise_gruppen_project_latest-main/ise_gruppen_project_latest/tests'
2026-01-13 21:18:45,365 INFO o.a.j.s.SaveService: Testplan (JMX) version: 2.2. Testlog (JTL) version: 2.2
2026-01-13 21:18:45,385 INFO o.a.j.s.SaveService: Using SaveService properties version 5.0
2026-01-13 21:18:45,386 INFO o.a.j.s.SaveService: Using SaveService properties file encoding UTF-8
2026-01-13 21:18:45,388 INFO o.a.j.s.SaveService: Loading file: tests/load_test_plan.jmx
2026-01-13 21:18:45,417 INFO o.a.j.p.h.s.HTTPSamplerBase: Parser for text/html is org.apache.jmeter.protocol.http.parser.LagartoBasedHtmlParser
2026-01-13 21:18:45,417 INFO o.a.j.p.h.s.HTTPSamplerBase: Parser for application/xhtml+xml is org.apache.jmeter.protocol.http.parser.LagartoBasedHtmlParser
2026-01-13 21:18:45,417 INFO o.a.j.p.h.s.HTTPSamplerBase: Parser for application/xml is org.apache.jmeter.protocol.http.parser.LagartoBasedHtmlParser
2026-01-13 21:18:45,417 INFO o.a.j.p.h.s.HTTPSamplerBase: Parser for text/xml is org.apache.jmeter.protocol.http.parser.LagartoBasedHtmlParser
2026-01-13 21:18:45,417 INFO o.a.j.p.h.s.HTTPSamplerBase: Parser for text/vnd.wap.wml is org.apache.jmeter.protocol.http.parser.RegexpHTMLParser
2026-01-13 21:18:45,417 INFO o.a.j.p.h.s.HTTPSamplerBase: Parser for text/css is org.apache.jmeter.protocol.http.parser.CssParser
2026-01-13 21:18:45,429 INFO o.a.j.JMeter: Creating summariser <summary>
2026-01-13 21:18:45,431 INFO o.a.j.r.d.ReportGenerator: ReportGenerator will use for Parsing the separator: ','
2026-01-13 21:18:45,431 INFO o.a.j.r.d.ReportGenerator: Will generate report at end of test from  results file: results_final.jtl
2026-01-13 21:18:45,431 INFO o.a.j.r.d.ReportGenerator: Reading report generator properties from: /Users/moenessboui/Downloads/jmeter/bin/reportgenerator.properties
2026-01-13 21:18:45,431 INFO o.a.j.r.d.ReportGenerator: Merging with JMeter properties
2026-01-13 21:18:45,433 INFO o.a.j.r.c.ReportGeneratorConfiguration: Property 'jmeter.reportgenerator.temp_dir' not found, using default value 'temp' instead.
2026-01-13 21:18:45,434 INFO o.a.j.r.c.ReportGeneratorConfiguration: Property 'jmeter.reportgenerator.apdex_per_transaction' not found, using default value 'null' instead.
2026-01-13 21:18:45,434 INFO o.a.j.r.c.ReportGeneratorConfiguration: apdex_per_transaction is empty, not APDEX per transaction customization
2026-01-13 21:18:45,434 INFO o.a.j.r.c.ReportGeneratorConfiguration: Property 'jmeter.reportgenerator.sample_filter' not found, using default value 'null' instead.
2026-01-13 21:18:45,434 INFO o.a.j.r.c.ReportGeneratorConfiguration: Property 'jmeter.reportgenerator.report_title' not found, using default value 'null' instead.
2026-01-13 21:18:45,434 INFO o.a.j.r.c.ReportGeneratorConfiguration: Property 'jmeter.reportgenerator.start_date' not found, using default value 'null' instead.
2026-01-13 21:18:45,434 INFO o.a.j.r.c.ReportGeneratorConfiguration: Property 'jmeter.reportgenerator.end_date' not found, using default value 'null' instead.
2026-01-13 21:18:45,434 INFO o.a.j.r.c.ReportGeneratorConfiguration: Property 'jmeter.reportgenerator.date_format' not found, using default value 'null' instead.
2026-01-13 21:18:45,435 INFO o.a.j.r.c.ReportGeneratorConfiguration: Will use date range start date: null, end date: null
2026-01-13 21:18:45,437 INFO o.a.j.r.c.ReportGeneratorConfiguration: Property 'jmeter.reportgenerator.graph.totalTPS.exclude_controllers' not found, using default value 'false' instead.
2026-01-13 21:18:45,437 INFO o.a.j.r.c.ReportGeneratorConfiguration: Property 'jmeter.reportgenerator.graph.activeThreadsOverTime.exclude_controllers' not found, using default value 'false' instead.
2026-01-13 21:18:45,437 INFO o.a.j.r.c.ReportGeneratorConfiguration: Property 'jmeter.reportgenerator.graph.timeVsThreads.exclude_controllers' not found, using default value 'false' instead.
2026-01-13 21:18:45,437 INFO o.a.j.r.c.ReportGeneratorConfiguration: Property 'jmeter.reportgenerator.graph.responseTimeDistribution.exclude_controllers' not found, using default value 'false' instead.
2026-01-13 21:18:45,437 INFO o.a.j.r.c.ReportGeneratorConfiguration: Property 'jmeter.reportgenerator.graph.transactionsPerSecond.exclude_controllers' not found, using default value 'false' instead.
2026-01-13 21:18:45,437 INFO o.a.j.r.c.ReportGeneratorConfiguration: Property 'jmeter.reportgenerator.graph.responseTimePercentiles.exclude_controllers' not found, using default value 'false' instead.
2026-01-13 21:18:45,437 INFO o.a.j.r.c.ReportGeneratorConfiguration: Property 'jmeter.reportgenerator.graph.responseTimePercentilesOverTime.exclude_controllers' not found, using default value 'false' instead.
2026-01-13 21:18:45,437 INFO o.a.j.r.c.ReportGeneratorConfiguration: Property 'jmeter.reportgenerator.graph.responseTimesOverTime.exclude_controllers' not found, using default value 'false' instead.
2026-01-13 21:18:45,437 INFO o.a.j.r.c.ReportGeneratorConfiguration: Property 'jmeter.reportgenerator.graph.connectTimeOverTime.exclude_controllers' not found, using default value 'false' instead.
2026-01-13 21:18:45,437 INFO o.a.j.r.c.ReportGeneratorConfiguration: Property 'jmeter.reportgenerator.graph.latenciesOverTime.exclude_controllers' not found, using default value 'false' instead.
2026-01-13 21:18:45,438 INFO o.a.j.r.c.ReportGeneratorConfiguration: Property 'jmeter.reportgenerator.exporter.json.filters_only_sample_series' not found, using default value 'true' instead.
2026-01-13 21:18:45,438 INFO o.a.j.r.c.ReportGeneratorConfiguration: Property 'jmeter.reportgenerator.exporter.json.series_filter' not found, using default value '' instead.
2026-01-13 21:18:45,438 INFO o.a.j.r.c.ReportGeneratorConfiguration: Property 'jmeter.reportgenerator.exporter.json.show_controllers_only' not found, using default value 'false' instead.
2026-01-13 21:18:45,438 INFO o.a.j.r.c.ReportGeneratorConfiguration: Property 'jmeter.reportgenerator.exporter.html.filters_only_sample_series' not found, using default value 'true' instead.
2026-01-13 21:18:45,439 INFO o.a.j.r.c.ReportGeneratorConfiguration: Property 'jmeter.reportgenerator.exporter.html.series_filter' not found, using default value '' instead.
2026-01-13 21:18:45,439 INFO o.a.j.r.c.ReportGeneratorConfiguration: Property 'jmeter.reportgenerator.exporter.html.show_controllers_only' not found, using default value 'false' instead.
2026-01-13 21:18:45,446 INFO o.a.j.e.StandardJMeterEngine: Running the test!
2026-01-13 21:18:45,446 INFO o.a.j.s.SampleEvent: List of sample_variables: []
2026-01-13 21:18:45,446 INFO o.a.j.s.SampleEvent: List of sample_variables: []
2026-01-13 21:18:45,448 INFO o.a.j.e.u.CompoundVariable: Note: Function class names must contain the string: '.functions.'
2026-01-13 21:18:45,448 INFO o.a.j.e.u.CompoundVariable: Note: Function class names must not contain the string: '.gui.'
2026-01-13 21:18:45,481 INFO o.a.j.JMeter: Running test (1768335525481)
2026-01-13 21:18:45,490 INFO o.a.j.e.StandardJMeterEngine: Starting ThreadGroup: 1 : Shop Users
2026-01-13 21:18:45,490 INFO o.a.j.e.StandardJMeterEngine: Starting 50 threads for group Shop Users.
2026-01-13 21:18:45,490 INFO o.a.j.e.StandardJMeterEngine: Thread will continue on error
2026-01-13 21:18:45,490 INFO o.a.j.t.ThreadGroup: Starting thread group... number=1 threads=50 ramp-up=30 delayedStart=false
2026-01-13 21:18:45,493 INFO o.a.j.t.JMeterThread: Thread started: Shop Users 1-1
2026-01-13 21:18:45,499 INFO o.a.j.t.ThreadGroup: Started thread group number 1
2026-01-13 21:18:45,499 INFO o.a.j.e.StandardJMeterEngine: All thread groups have been started
2026-01-13 21:18:46,096 INFO o.a.j.t.JMeterThread: Thread started: Shop Users 1-2
2026-01-13 21:18:46,515 INFO o.a.j.p.h.s.HTTPHCAbstractImpl: Local host = Mac
2026-01-13 21:18:46,520 INFO o.a.j.p.h.s.HTTPHC4Impl: HTTP request retry count = 0
2026-01-13 21:18:46,521 INFO o.a.j.s.SampleResult: Note: Sample TimeStamps are START times
2026-01-13 21:18:46,521 INFO o.a.j.s.SampleResult: sampleresult.default.encoding is set to UTF-8
2026-01-13 21:18:46,521 INFO o.a.j.s.SampleResult: sampleresult.useNanoTime=true
2026-01-13 21:18:46,521 INFO o.a.j.s.SampleResult: sampleresult.nanoThreadSleep=5000
2026-01-13 21:18:46,696 INFO o.a.j.t.JMeterThread: Thread started: Shop Users 1-3
2026-01-13 21:18:47,297 INFO o.a.j.t.JMeterThread: Thread started: Shop Users 1-4
2026-01-13 21:18:47,891 INFO o.a.j.t.JMeterThread: Thread started: Shop Users 1-5
2026-01-13 21:18:48,492 INFO o.a.j.t.JMeterThread: Thread started: Shop Users 1-6
2026-01-13 21:18:49,092 INFO o.a.j.t.JMeterThread: Thread started: Shop Users 1-7
2026-01-13 21:18:49,696 INFO o.a.j.t.JMeterThread: Thread started: Shop Users 1-8
2026-01-13 21:18:50,292 INFO o.a.j.t.JMeterThread: Thread started: Shop Users 1-9
2026-01-13 21:18:50,895 INFO o.a.j.t.JMeterThread: Thread started: Shop Users 1-10
2026-01-13 21:18:51,492 INFO o.a.j.t.JMeterThread: Thread started: Shop Users 1-11
2026-01-13 21:18:52,095 INFO o.a.j.t.JMeterThread: Thread started: Shop Users 1-12
2026-01-13 21:18:52,696 INFO o.a.j.t.JMeterThread: Thread started: Shop Users 1-13
2026-01-13 21:18:53,295 INFO o.a.j.t.JMeterThread: Thread started: Shop Users 1-14
2026-01-13 21:18:53,892 INFO o.a.j.t.JMeterThread: Thread started: Shop Users 1-15
2026-01-13 21:18:54,492 INFO o.a.j.t.JMeterThread: Thread started: Shop Users 1-16
2026-01-13 21:18:55,095 INFO o.a.j.t.JMeterThread: Thread started: Shop Users 1-17
2026-01-13 21:18:55,692 INFO o.a.j.t.JMeterThread: Thread started: Shop Users 1-18
2026-01-13 21:18:56,293 INFO o.a.j.t.JMeterThread: Thread started: Shop Users 1-19
2026-01-13 21:18:56,900 INFO o.a.j.t.JMeterThread: Thread started: Shop Users 1-20
2026-01-13 21:18:57,492 INFO o.a.j.t.JMeterThread: Thread started: Shop Users 1-21
2026-01-13 21:18:58,095 INFO o.a.j.t.JMeterThread: Thread started: Shop Users 1-22
2026-01-13 21:18:58,692 INFO o.a.j.t.JMeterThread: Thread started: Shop Users 1-23
2026-01-13 21:18:59,295 INFO o.a.j.t.JMeterThread: Thread started: Shop Users 1-24
2026-01-13 21:18:59,894 INFO o.a.j.t.JMeterThread: Thread started: Shop Users 1-25
2026-01-13 21:19:00,024 INFO o.a.j.r.Summariser: summary +    167 in 00:00:15 =   11,5/s Avg:    21 Min:     4 Max:   398 Err:     0 (0,00%) Active: 25 Started: 25 Finished: 0
2026-01-13 21:19:00,495 INFO o.a.j.t.JMeterThread: Thread started: Shop Users 1-26
2026-01-13 21:19:01,096 INFO o.a.j.t.JMeterThread: Thread started: Shop Users 1-27
2026-01-13 21:19:01,696 INFO o.a.j.t.JMeterThread: Thread started: Shop Users 1-28
2026-01-13 21:19:02,295 INFO o.a.j.t.JMeterThread: Thread started: Shop Users 1-29
2026-01-13 21:19:02,895 INFO o.a.j.t.JMeterThread: Thread started: Shop Users 1-30
2026-01-13 21:19:03,492 INFO o.a.j.t.JMeterThread: Thread started: Shop Users 1-31
2026-01-13 21:19:04,092 INFO o.a.j.t.JMeterThread: Thread started: Shop Users 1-32
2026-01-13 21:19:04,691 INFO o.a.j.t.JMeterThread: Thread started: Shop Users 1-33
2026-01-13 21:19:05,293 INFO o.a.j.t.JMeterThread: Thread started: Shop Users 1-34
2026-01-13 21:19:05,894 INFO o.a.j.t.JMeterThread: Thread started: Shop Users 1-35
2026-01-13 21:19:06,492 INFO o.a.j.t.JMeterThread: Thread started: Shop Users 1-36
2026-01-13 21:19:07,091 INFO o.a.j.t.JMeterThread: Thread started: Shop Users 1-37
2026-01-13 21:19:07,695 INFO o.a.j.t.JMeterThread: Thread started: Shop Users 1-38
2026-01-13 21:19:08,292 INFO o.a.j.t.JMeterThread: Thread started: Shop Users 1-39
2026-01-13 21:19:08,890 INFO o.a.j.t.JMeterThread: Thread started: Shop Users 1-40
2026-01-13 21:19:09,495 INFO o.a.j.t.JMeterThread: Thread started: Shop Users 1-41
2026-01-13 21:19:10,096 INFO o.a.j.t.JMeterThread: Thread started: Shop Users 1-42
2026-01-13 21:19:10,696 INFO o.a.j.t.JMeterThread: Thread started: Shop Users 1-43
2026-01-13 21:19:11,294 INFO o.a.j.t.JMeterThread: Thread started: Shop Users 1-44
2026-01-13 21:19:11,891 INFO o.a.j.t.JMeterThread: Thread started: Shop Users 1-45
2026-01-13 21:19:12,490 INFO o.a.j.t.JMeterThread: Thread started: Shop Users 1-46
2026-01-13 21:19:13,092 INFO o.a.j.t.JMeterThread: Thread started: Shop Users 1-47
2026-01-13 21:19:13,695 INFO o.a.j.t.JMeterThread: Thread started: Shop Users 1-48
2026-01-13 21:19:14,291 INFO o.a.j.t.JMeterThread: Thread started: Shop Users 1-49
2026-01-13 21:19:14,892 INFO o.a.j.t.JMeterThread: Thread started: Shop Users 1-50
2026-01-13 21:19:30,001 INFO o.a.j.r.Summariser: summary +   1282 in 00:00:30 =   42,7/s Avg:     7 Min:     0 Max:   311 Err:    18 (1,40%) Active: 50 Started: 50 Finished: 0
2026-01-13 21:19:30,002 INFO o.a.j.r.Summariser: summary =   1449 in 00:00:45 =   32,5/s Avg:     9 Min:     0 Max:   398 Err:    18 (1,24%)
2026-01-13 21:20:00,093 INFO o.a.j.r.Summariser: summary +   1449 in 00:00:30 =   48,2/s Avg:    29 Min:     0 Max:  1329 Err:    36 (2,48%) Active: 50 Started: 50 Finished: 0
2026-01-13 21:20:00,094 INFO o.a.j.r.Summariser: summary =   2898 in 00:01:15 =   38,8/s Avg:    19 Min:     0 Max:  1329 Err:    54 (1,86%)
2026-01-13 21:20:30,008 INFO o.a.j.r.Summariser: summary +   1478 in 00:00:30 =   49,4/s Avg:    14 Min:     1 Max:   392 Err:     0 (0,00%) Active: 50 Started: 50 Finished: 0
2026-01-13 21:20:30,009 INFO o.a.j.r.Summariser: summary =   4376 in 00:01:45 =   41,9/s Avg:    17 Min:     0 Max:  1329 Err:    54 (1,23%)
2026-01-13 21:21:00,026 INFO o.a.j.r.Summariser: summary +   1485 in 00:00:30 =   49,5/s Avg:     6 Min:     1 Max:    91 Err:     0 (0,00%) Active: 50 Started: 50 Finished: 0
2026-01-13 21:21:00,028 INFO o.a.j.r.Summariser: summary =   5861 in 00:02:15 =   43,6/s Avg:    14 Min:     0 Max:  1329 Err:    54 (0,92%)
2026-01-13 21:21:30,016 INFO o.a.j.r.Summariser: summary +   1470 in 00:00:30 =   49,0/s Avg:     7 Min:     1 Max:    86 Err:     0 (0,00%) Active: 50 Started: 50 Finished: 0
2026-01-13 21:21:30,017 INFO o.a.j.r.Summariser: summary =   7331 in 00:02:45 =   44,6/s Avg:    13 Min:     0 Max:  1329 Err:    54 (0,74%)
2026-01-13 21:22:00,023 INFO o.a.j.r.Summariser: summary +   1491 in 00:00:30 =   49,7/s Avg:     8 Min:     0 Max:   154 Err:     0 (0,00%) Active: 50 Started: 50 Finished: 0
2026-01-13 21:22:00,027 INFO o.a.j.r.Summariser: summary =   8822 in 00:03:15 =   45,3/s Avg:    12 Min:     0 Max:  1329 Err:    54 (0,61%)
2026-01-13 21:22:30,449 INFO o.a.j.r.Summariser: summary +   1500 in 00:00:30 =   49,3/s Avg:     9 Min:     0 Max:    82 Err:     0 (0,00%) Active: 50 Started: 50 Finished: 0
2026-01-13 21:22:30,450 INFO o.a.j.r.Summariser: summary =  10322 in 00:03:45 =   45,9/s Avg:    12 Min:     0 Max:  1329 Err:    54 (0,52%)
2026-01-13 21:23:00,119 INFO o.a.j.r.Summariser: summary +   1459 in 00:00:30 =   49,2/s Avg:    10 Min:     1 Max:   138 Err:     0 (0,00%) Active: 50 Started: 50 Finished: 0
2026-01-13 21:23:00,120 INFO o.a.j.r.Summariser: summary =  11781 in 00:04:15 =   46,3/s Avg:    11 Min:     0 Max:  1329 Err:    54 (0,46%)
2026-01-13 21:23:30,142 INFO o.a.j.r.Summariser: summary +   1491 in 00:00:30 =   49,7/s Avg:     9 Min:     1 Max:    97 Err:     0 (0,00%) Active: 50 Started: 50 Finished: 0
2026-01-13 21:23:30,143 INFO o.a.j.r.Summariser: summary =  13272 in 00:04:45 =   46,6/s Avg:    11 Min:     0 Max:  1329 Err:    54 (0,41%)
2026-01-13 21:23:44,766 INFO o.a.j.t.JMeterThread: Thread finished: Shop Users 1-19
2026-01-13 21:23:44,767 INFO o.a.j.t.JMeterThread: Thread finished: Shop Users 1-35
2026-01-13 21:23:44,779 INFO o.a.j.t.JMeterThread: Thread finished: Shop Users 1-8
2026-01-13 21:23:44,779 INFO o.a.j.t.JMeterThread: Thread finished: Shop Users 1-46
2026-01-13 21:23:44,780 INFO o.a.j.t.JMeterThread: Thread finished: Shop Users 1-37
2026-01-13 21:23:44,781 INFO o.a.j.t.JMeterThread: Thread finished: Shop Users 1-29
2026-01-13 21:23:44,781 INFO o.a.j.t.JMeterThread: Thread finished: Shop Users 1-34
2026-01-13 21:23:44,782 INFO o.a.j.t.JMeterThread: Thread finished: Shop Users 1-3
2026-01-13 21:23:44,782 INFO o.a.j.t.JMeterThread: Thread finished: Shop Users 1-9
2026-01-13 21:23:44,784 INFO o.a.j.t.JMeterThread: Thread finished: Shop Users 1-44
2026-01-13 21:23:44,784 INFO o.a.j.t.JMeterThread: Thread finished: Shop Users 1-18
2026-01-13 21:23:44,784 INFO o.a.j.t.JMeterThread: Thread finished: Shop Users 1-12
2026-01-13 21:23:44,784 INFO o.a.j.t.JMeterThread: Thread finished: Shop Users 1-21
2026-01-13 21:23:44,785 INFO o.a.j.t.JMeterThread: Thread finished: Shop Users 1-47
2026-01-13 21:23:44,785 INFO o.a.j.t.JMeterThread: Thread finished: Shop Users 1-27
2026-01-13 21:23:44,785 INFO o.a.j.t.JMeterThread: Thread finished: Shop Users 1-33
2026-01-13 21:23:44,785 INFO o.a.j.t.JMeterThread: Thread finished: Shop Users 1-42
2026-01-13 21:23:44,785 INFO o.a.j.t.JMeterThread: Thread finished: Shop Users 1-24
2026-01-13 21:23:44,790 INFO o.a.j.t.JMeterThread: Thread finished: Shop Users 1-49
2026-01-13 21:23:44,790 INFO o.a.j.t.JMeterThread: Thread finished: Shop Users 1-10
2026-01-13 21:23:44,790 INFO o.a.j.t.JMeterThread: Thread finished: Shop Users 1-13
2026-01-13 21:23:44,819 INFO o.a.j.t.JMeterThread: Thread finished: Shop Users 1-4
2026-01-13 21:23:44,820 INFO o.a.j.t.JMeterThread: Thread finished: Shop Users 1-30
2026-01-13 21:23:44,836 INFO o.a.j.t.JMeterThread: Thread finished: Shop Users 1-15
2026-01-13 21:23:44,859 INFO o.a.j.t.JMeterThread: Thread finished: Shop Users 1-41
2026-01-13 21:23:44,859 INFO o.a.j.t.JMeterThread: Thread finished: Shop Users 1-7
2026-01-13 21:23:44,860 INFO o.a.j.t.JMeterThread: Thread finished: Shop Users 1-31
2026-01-13 21:23:44,860 INFO o.a.j.t.JMeterThread: Thread finished: Shop Users 1-14
2026-01-13 21:23:44,941 INFO o.a.j.t.JMeterThread: Thread finished: Shop Users 1-11
2026-01-13 21:23:44,942 INFO o.a.j.t.JMeterThread: Thread finished: Shop Users 1-26
2026-01-13 21:23:44,942 INFO o.a.j.t.JMeterThread: Thread finished: Shop Users 1-39
2026-01-13 21:23:44,943 INFO o.a.j.t.JMeterThread: Thread finished: Shop Users 1-22
2026-01-13 21:23:44,943 INFO o.a.j.t.JMeterThread: Thread finished: Shop Users 1-48
2026-01-13 21:23:44,943 INFO o.a.j.t.JMeterThread: Thread finished: Shop Users 1-36
2026-01-13 21:23:44,943 INFO o.a.j.t.JMeterThread: Thread finished: Shop Users 1-45
2026-01-13 21:23:44,944 INFO o.a.j.t.JMeterThread: Thread finished: Shop Users 1-17
2026-01-13 21:23:44,945 INFO o.a.j.t.JMeterThread: Thread finished: Shop Users 1-20
2026-01-13 21:23:44,946 INFO o.a.j.t.JMeterThread: Thread finished: Shop Users 1-5
2026-01-13 21:23:44,946 INFO o.a.j.t.JMeterThread: Thread finished: Shop Users 1-25
2026-01-13 21:23:44,946 INFO o.a.j.t.JMeterThread: Thread finished: Shop Users 1-40
2026-01-13 21:23:44,947 INFO o.a.j.t.JMeterThread: Thread finished: Shop Users 1-43
2026-01-13 21:23:45,339 INFO o.a.j.t.JMeterThread: Thread finished: Shop Users 1-23
2026-01-13 21:23:45,339 INFO o.a.j.t.JMeterThread: Thread finished: Shop Users 1-50
2026-01-13 21:23:45,339 INFO o.a.j.t.JMeterThread: Thread finished: Shop Users 1-6
2026-01-13 21:23:45,366 INFO o.a.j.t.JMeterThread: Thread finished: Shop Users 1-16
2026-01-13 21:23:45,369 INFO o.a.j.t.JMeterThread: Thread finished: Shop Users 1-1
2026-01-13 21:23:45,369 INFO o.a.j.t.JMeterThread: Thread finished: Shop Users 1-38
2026-01-13 21:23:45,369 INFO o.a.j.t.JMeterThread: Thread finished: Shop Users 1-28
2026-01-13 21:23:45,399 INFO o.a.j.t.JMeterThread: Thread finished: Shop Users 1-2
2026-01-13 21:23:45,400 INFO o.a.j.t.JMeterThread: Thread finished: Shop Users 1-32
2026-01-13 21:23:45,400 INFO o.a.j.e.StandardJMeterEngine: Notifying test listeners of end of test
2026-01-13 21:23:45,402 INFO o.a.j.r.Summariser: summary +    758 in 00:00:15 =   49,7/s Avg:    15 Min:     1 Max:   214 Err:     0 (0,00%) Active: 0 Started: 50 Finished: 50
2026-01-13 21:23:45,402 INFO o.a.j.r.Summariser: summary =  14030 in 00:05:00 =   46,8/s Avg:    11 Min:     0 Max:  1329 Err:    54 (0,38%)
2026-01-13 21:23:45,403 INFO o.a.j.JMeter: Generating Dashboard
2026-01-13 21:23:45,403 INFO o.a.j.r.d.ReportGenerator: Flushing result collector before report Generation
2026-01-13 21:23:45,428 INFO o.a.j.r.p.NormalizerSampleConsumer: Using format, 'ms', to parse timeStamp field
2026-01-13 21:23:45,697 INFO o.a.j.r.p.AbstractSampleConsumer: class org.apache.jmeter.report.processor.AggregateConsumer#stopProducing(): beginDate produced 0 samples
2026-01-13 21:23:45,697 INFO o.a.j.r.p.AbstractSampleConsumer: class org.apache.jmeter.report.processor.AggregateConsumer#stopProducing(): endDate produced 0 samples
2026-01-13 21:23:45,698 INFO o.a.j.r.p.AbstractSampleConsumer: class org.apache.jmeter.report.processor.ApdexSummaryConsumer#stopProducing(): apdexSummary produced 0 samples
2026-01-13 21:23:45,698 INFO o.a.j.r.p.AbstractSampleConsumer: class org.apache.jmeter.report.processor.RequestsSummaryConsumer#stopProducing(): requestsSummary produced 0 samples
2026-01-13 21:23:45,703 INFO o.a.j.r.p.AbstractSampleConsumer: class org.apache.jmeter.report.processor.StatisticsSummaryConsumer#stopProducing(): statisticsSummary produced 0 samples
2026-01-13 21:23:45,704 INFO o.a.j.r.p.AbstractSampleConsumer: class org.apache.jmeter.report.processor.Top5ErrorsBySamplerConsumer#stopProducing(): top5ErrorsBySampler produced 0 samples
2026-01-13 21:23:45,704 INFO o.a.j.r.p.AbstractSampleConsumer: class org.apache.jmeter.report.processor.ErrorsSummaryConsumer#stopProducing(): errorsSummary produced 0 samples
2026-01-13 21:23:45,704 INFO o.a.j.r.p.AbstractSampleConsumer: class org.apache.jmeter.report.processor.graph.impl.HitsPerSecondGraphConsumer#stopProducing(): hitsPerSecond produced 0 samples
2026-01-13 21:23:45,756 INFO o.a.j.r.p.AbstractSampleConsumer: class org.apache.jmeter.report.processor.graph.impl.LatencyVSRequestGraphConsumer#stopProducing(): latencyVsRequest produced 0 samples
2026-01-13 21:23:45,757 INFO o.a.j.r.p.AbstractSampleConsumer: class org.apache.jmeter.report.processor.graph.impl.SyntheticResponseTimeDistributionGraphConsumer#stopProducing(): syntheticResponseTimeDistribution produced 0 samples
2026-01-13 21:23:45,757 INFO o.a.j.r.p.AbstractSampleConsumer: class org.apache.jmeter.report.processor.graph.impl.BytesThroughputGraphConsumer#stopProducing(): bytesThroughputOverTime produced 0 samples
2026-01-13 21:23:45,757 INFO o.a.j.r.p.AbstractSampleConsumer: class org.apache.jmeter.report.processor.graph.impl.CodesPerSecondGraphConsumer#stopProducing(): codesPerSecond produced 0 samples
2026-01-13 21:23:45,782 INFO o.a.j.r.p.AbstractSampleConsumer: class org.apache.jmeter.report.processor.graph.impl.ResponseTimeVSRequestGraphConsumer#stopProducing(): responseTimeVsRequest produced 0 samples
2026-01-13 21:23:45,782 INFO o.a.j.r.p.AbstractSampleConsumer: class org.apache.jmeter.report.processor.FilterConsumer#stopProducing(): startIntervalControlerFilter produced 98210 samples
2026-01-13 21:23:45,782 INFO o.a.j.r.p.AbstractSampleConsumer: class org.apache.jmeter.report.processor.graph.impl.TotalTPSGraphConsumer#stopProducing(): totalTPS produced 0 samples
2026-01-13 21:23:45,783 INFO o.a.j.r.p.AbstractSampleConsumer: class org.apache.jmeter.report.processor.graph.impl.ActiveThreadsGraphConsumer#stopProducing(): activeThreadsOverTime produced 0 samples
2026-01-13 21:23:45,783 INFO o.a.j.r.p.AbstractSampleConsumer: class org.apache.jmeter.report.processor.graph.impl.TimeVSThreadGraphConsumer#stopProducing(): timeVsThreads produced 0 samples
2026-01-13 21:23:45,783 INFO o.a.j.r.p.AbstractSampleConsumer: class org.apache.jmeter.report.processor.graph.impl.ResponseTimeDistributionGraphConsumer#stopProducing(): responseTimeDistribution produced 0 samples
2026-01-13 21:23:45,783 INFO o.a.j.r.p.AbstractSampleConsumer: class org.apache.jmeter.report.processor.graph.impl.TransactionsPerSecondGraphConsumer#stopProducing(): transactionsPerSecond produced 0 samples
2026-01-13 21:23:45,783 INFO o.a.j.r.p.AbstractSampleConsumer: class org.apache.jmeter.report.processor.graph.impl.ResponseTimePercentilesGraphConsumer#stopProducing(): responseTimePercentiles produced 0 samples
2026-01-13 21:23:45,784 INFO o.a.j.r.p.AbstractSampleConsumer: class org.apache.jmeter.report.processor.graph.impl.ResponseTimePercentilesOverTimeGraphConsumer#stopProducing(): responseTimePercentilesOverTime produced 0 samples
2026-01-13 21:23:45,784 INFO o.a.j.r.p.AbstractSampleConsumer: class org.apache.jmeter.report.processor.graph.impl.ResponseTimeOverTimeGraphConsumer#stopProducing(): responseTimesOverTime produced 0 samples
2026-01-13 21:23:45,784 INFO o.a.j.r.p.AbstractSampleConsumer: class org.apache.jmeter.report.processor.graph.impl.ConnectTimeOverTimeGraphConsumer#stopProducing(): connectTimeOverTime produced 0 samples
2026-01-13 21:23:45,785 INFO o.a.j.r.p.AbstractSampleConsumer: class org.apache.jmeter.report.processor.graph.impl.LatencyOverTimeGraphConsumer#stopProducing(): latenciesOverTime produced 0 samples
2026-01-13 21:23:45,785 INFO o.a.j.r.p.AbstractSampleConsumer: class org.apache.jmeter.report.processor.FilterConsumer#stopProducing(): nameFilter produced 210450 samples
2026-01-13 21:23:45,785 INFO o.a.j.r.p.AbstractSampleConsumer: class org.apache.jmeter.report.processor.FilterConsumer#stopProducing(): dateRangeFilter produced 42090 samples
2026-01-13 21:23:45,785 INFO o.a.j.r.p.AbstractSampleConsumer: class org.apache.jmeter.report.processor.NormalizerSampleConsumer#stopProducing(): normalizer produced 14030 samples
2026-01-13 21:23:45,785 INFO o.a.j.r.p.CsvFileSampleSource: produce(): 14030 samples produced in 339ms on channel 0
2026-01-13 21:23:45,785 INFO o.a.j.r.d.ReportGenerator: Exporting data using exporter:'json' of className:'org.apache.jmeter.report.dashboard.JsonExporter'
2026-01-13 21:23:45,822 INFO o.a.j.r.d.JsonExporter: Found data for consumer statisticsSummary in context
2026-01-13 21:23:45,822 INFO o.a.j.r.d.JsonExporter: Creating statistics for overall
2026-01-13 21:23:45,822 INFO o.a.j.r.d.JsonExporter: Creating statistics for other transactions
2026-01-13 21:23:45,822 INFO o.a.j.r.d.JsonExporter: Checking output folder
2026-01-13 21:23:45,822 INFO o.a.j.r.d.JsonExporter: Writing statistics JSON to /Users/moenessboui/Downloads/ise_gruppen_project_latest-main/ise_gruppen_project_latest/report_final/statistics.json
2026-01-13 21:23:45,839 INFO o.a.j.r.d.ReportGenerator: Exporting data using exporter:'html' of className:'org.apache.jmeter.report.dashboard.HtmlTemplateExporter'
2026-01-13 21:23:45,840 INFO o.a.j.r.d.HtmlTemplateExporter: Will generate dashboard in folder: /Users/moenessboui/Downloads/ise_gruppen_project_latest-main/ise_gruppen_project_latest/report_final
2026-01-13 21:23:45,884 INFO o.a.j.r.d.HtmlTemplateExporter: Report will be generated in: /Users/moenessboui/Downloads/ise_gruppen_project_latest-main/ise_gruppen_project_latest/report_final, creating folder structure
2026-01-13 21:23:45,885 INFO o.a.j.r.d.TemplateVisitor: Copying folder from '/Users/moenessboui/Downloads/jmeter/bin/report-template' to '/Users/moenessboui/Downloads/ise_gruppen_project_latest-main/ise_gruppen_project_latest/report_final', got message: /Users/moenessboui/Downloads/ise_gruppen_project_latest-main/ise_gruppen_project_latest/report_final, found non empty folder with following content [/Users/moenessboui/Downloads/ise_gruppen_project_latest-main/ise_gruppen_project_latest/report_final/statistics.json], will be ignored
2026-01-13 21:23:46,016 INFO o.a.j.JMeter: Dashboard generated
